<?xml version="1.0" encoding="UTF-8"?>
<!-- Generated by org.testng.reporters.JUnitXMLReporter -->
<testsuite ignored="0" hostname="Husain" failures="0" tests="7" name="Test" time="26.646" errors="0" timestamp="2023-11-19T21:58:49 EST">
  <testcase classname="amazon.Test_CheckBox" name="testCheckBox" time="0.246"/>
  <testcase classname="datePicker.Expedia_DatePIcker_TestGood" name="datePickerTest" time="2.39"/>
  <testcase classname="datePicker.DataDriven_newTourTest_good" name="newTourDataDrivenTest" time="0.915"/>
  <testcase classname="datePicker.DataDriven_newTourTest_good" name="newTourDataDrivenTest" time="0.966"/>
  <testcase classname="datePicker.DataDriven_newTourTest_good" name="newTourDataDrivenTest" time="1.204"/>
  <testcase classname="datePicker.DataDriven_newTourTest_good" name="newTourDataDrivenTest" time="1.095"/>
  <testcase classname="datePicker.DataDriven_newTourTest_good" name="newTourDataDrivenTest" time="0.963"/>
</testsuite> <!-- Test -->
