<?xml version="1.0" encoding="UTF-8"?>
<!-- Generated by org.testng.reporters.JUnitXMLReporter -->
<testsuite ignored="0" hostname="Husain" failures="0" tests="7" name="Test" time="23.883" errors="0" timestamp="2023-11-19T22:05:07 EST">
  <testcase classname="amazon.Test_CheckBox" name="testCheckBox" time="0.226"/>
  <testcase classname="datePicker.Expedia_DatePIcker_TestGood" name="datePickerTest" time="2.403"/>
  <testcase classname="datePicker.DataDriven_newTourTest_good" name="newTourDataDrivenTest" time="1.028"/>
  <testcase classname="datePicker.DataDriven_newTourTest_good" name="newTourDataDrivenTest" time="1.076"/>
  <testcase classname="datePicker.DataDriven_newTourTest_good" name="newTourDataDrivenTest" time="1.196"/>
  <testcase classname="datePicker.DataDriven_newTourTest_good" name="newTourDataDrivenTest" time="1.006"/>
  <testcase classname="datePicker.DataDriven_newTourTest_good" name="newTourDataDrivenTest" time="1.258"/>
</testsuite> <!-- Test -->
