<?xml version="1.0" encoding="UTF-8"?>
<testng-results ignored="0" total="7" passed="7" failed="0" skipped="0">
  <reporter-output>
  </reporter-output>
  <suite started-at="2023-11-19T22:04:43 EST" name="Suite" finished-at="2023-11-19T22:05:07 EST" duration-ms="23883">
    <groups>
    </groups>
    <test started-at="2023-11-19T22:04:43 EST" name="Test" finished-at="2023-11-19T22:05:07 EST" duration-ms="23883">
      <class name="datePicker.Expedia_DatePIcker_TestGood">
        <test-method is-config="true" signature="setUp()[pri:0, instance:datePicker.Expedia_DatePIcker_TestGood@a514af7]" started-at="2023-11-19T22:04:48 EST" name="setUp" finished-at="2023-11-19T22:04:54 EST" duration-ms="6494" status="PASS">
          <reporter-output>
          </reporter-output>
        </test-method> <!-- setUp -->
        <test-method signature="datePickerTest()[pri:0, instance:datePicker.Expedia_DatePIcker_TestGood@a514af7]" started-at="2023-11-19T22:04:54 EST" name="datePickerTest" finished-at="2023-11-19T22:04:57 EST" duration-ms="2403" status="PASS">
          <reporter-output>
          </reporter-output>
        </test-method> <!-- datePickerTest -->
        <test-method is-config="true" signature="tearDown()[pri:0, instance:datePicker.Expedia_DatePIcker_TestGood@a514af7]" started-at="2023-11-19T22:04:57 EST" name="tearDown" finished-at="2023-11-19T22:04:57 EST" duration-ms="404" status="PASS">
          <reporter-output>
          </reporter-output>
        </test-method> <!-- tearDown -->
      </class> <!-- datePicker.Expedia_DatePIcker_TestGood -->
      <class name="datePicker.DataDriven_newTourTest_good">
        <test-method is-config="true" signature="setUp()[pri:0, instance:datePicker.DataDriven_newTourTest_good@6b927fb]" started-at="2023-11-19T22:04:57 EST" name="setUp" finished-at="2023-11-19T22:05:00 EST" duration-ms="2721" status="PASS">
          <reporter-output>
          </reporter-output>
        </test-method> <!-- setUp -->
        <test-method signature="newTourDataDrivenTest(java.lang.String,java.lang.String,java.lang.String)[pri:0, instance:datePicker.DataDriven_newTourTest_good@6b927fb]" started-at="2023-11-19T22:05:01 EST" name="newTourDataDrivenTest" data-provider="newtour" finished-at="2023-11-19T22:05:02 EST" duration-ms="1028" status="PASS">
          <params>
            <param index="0">
              <value>
                <![CDATA[salam]]>
              </value>
            </param>
            <param index="1">
              <value>
                <![CDATA[abc@gmail.com]]>
              </value>
            </param>
            <param index="2">
              <value>
                <![CDATA[bangladesh]]>
              </value>
            </param>
          </params>
          <reporter-output>
          </reporter-output>
        </test-method> <!-- newTourDataDrivenTest -->
        <test-method signature="newTourDataDrivenTest(java.lang.String,java.lang.String,java.lang.String)[pri:0, instance:datePicker.DataDriven_newTourTest_good@6b927fb]" started-at="2023-11-19T22:05:02 EST" name="newTourDataDrivenTest" data-provider="newtour" finished-at="2023-11-19T22:05:03 EST" duration-ms="1076" status="PASS">
          <params>
            <param index="0">
              <value>
                <![CDATA[rahim]]>
              </value>
            </param>
            <param index="1">
              <value>
                <![CDATA[cde@gmail.com]]>
              </value>
            </param>
            <param index="2">
              <value>
                <![CDATA[india]]>
              </value>
            </param>
          </params>
          <reporter-output>
          </reporter-output>
        </test-method> <!-- newTourDataDrivenTest -->
        <test-method signature="newTourDataDrivenTest(java.lang.String,java.lang.String,java.lang.String)[pri:0, instance:datePicker.DataDriven_newTourTest_good@6b927fb]" started-at="2023-11-19T22:05:03 EST" name="newTourDataDrivenTest" data-provider="newtour" finished-at="2023-11-19T22:05:05 EST" duration-ms="1196" status="PASS">
          <params>
            <param index="0">
              <value>
                <![CDATA[karim]]>
              </value>
            </param>
            <param index="1">
              <value>
                <![CDATA[fgh@gmail.com]]>
              </value>
            </param>
            <param index="2">
              <value>
                <![CDATA[london]]>
              </value>
            </param>
          </params>
          <reporter-output>
          </reporter-output>
        </test-method> <!-- newTourDataDrivenTest -->
        <test-method signature="newTourDataDrivenTest(java.lang.String,java.lang.String,java.lang.String)[pri:0, instance:datePicker.DataDriven_newTourTest_good@6b927fb]" started-at="2023-11-19T22:05:05 EST" name="newTourDataDrivenTest" data-provider="newtour" finished-at="2023-11-19T22:05:06 EST" duration-ms="1006" status="PASS">
          <params>
            <param index="0">
              <value>
                <![CDATA[rahmot]]>
              </value>
            </param>
            <param index="1">
              <value>
                <![CDATA[ijk@gmail.com]]>
              </value>
            </param>
            <param index="2">
              <value>
                <![CDATA[canada]]>
              </value>
            </param>
          </params>
          <reporter-output>
          </reporter-output>
        </test-method> <!-- newTourDataDrivenTest -->
        <test-method signature="newTourDataDrivenTest(java.lang.String,java.lang.String,java.lang.String)[pri:0, instance:datePicker.DataDriven_newTourTest_good@6b927fb]" started-at="2023-11-19T22:05:06 EST" name="newTourDataDrivenTest" data-provider="newtour" finished-at="2023-11-19T22:05:07 EST" duration-ms="1258" status="PASS">
          <params>
            <param index="0">
              <value>
                <![CDATA[fahim]]>
              </value>
            </param>
            <param index="1">
              <value>
                <![CDATA[lmn@gmail.com]]>
              </value>
            </param>
            <param index="2">
              <value>
                <![CDATA[turky]]>
              </value>
            </param>
          </params>
          <reporter-output>
          </reporter-output>
        </test-method> <!-- newTourDataDrivenTest -->
        <test-method is-config="true" signature="tearDown()[pri:0, instance:datePicker.DataDriven_newTourTest_good@6b927fb]" started-at="2023-11-19T22:05:07 EST" name="tearDown" finished-at="2023-11-19T22:05:07 EST" duration-ms="285" status="PASS">
          <reporter-output>
          </reporter-output>
        </test-method> <!-- tearDown -->
      </class> <!-- datePicker.DataDriven_newTourTest_good -->
      <class name="amazon.Test_CheckBox">
        <test-method is-config="true" signature="setUp()[pri:0, instance:amazon.Test_CheckBox@2e005c4b]" started-at="2023-11-19T22:04:43 EST" name="setUp" finished-at="2023-11-19T22:04:47 EST" duration-ms="3877" status="PASS">
          <reporter-output>
          </reporter-output>
        </test-method> <!-- setUp -->
        <test-method signature="testCheckBox()[pri:0, instance:amazon.Test_CheckBox@2e005c4b]" started-at="2023-11-19T22:04:47 EST" name="testCheckBox" finished-at="2023-11-19T22:04:47 EST" duration-ms="226" status="PASS">
          <reporter-output>
          </reporter-output>
        </test-method> <!-- testCheckBox -->
        <test-method is-config="true" signature="tearDown()[pri:0, instance:amazon.Test_CheckBox@2e005c4b]" started-at="2023-11-19T22:04:47 EST" name="tearDown" finished-at="2023-11-19T22:04:48 EST" duration-ms="324" status="PASS">
          <reporter-output>
          </reporter-output>
        </test-method> <!-- tearDown -->
      </class> <!-- amazon.Test_CheckBox -->
    </test> <!-- Test -->
  </suite> <!-- Suite -->
</testng-results>
